<?xml version="1.0" encoding="UTF-8"?>
<!-- Generated by org.testng.reporters.JUnitReportReporter -->
<testsuite skipped="0" hostname="DESKTOP-LG4283L" name="testcase.HomePageTest" tests="1" failures="0" timestamp="2020-07-08T20:46:02 IST" time="7.275" errors="0">
  <testcase name="searchProduct" time="7.275" classname="testcase.HomePageTest"/>
  <system-out>
Search text is entered Search button is clicked  </system-out>
</testsuite> <!-- testcase.HomePageTest -->
